{"/Users/jonathan/Lightup/lud-ui-proposals/react-mobx/src/App.tsx": {"path":"/Users/jonathan/Lightup/lud-ui-proposals/react-mobx/src/App.tsx","all":true,"statementMap":{"0":{"start":{"line":1,"column":0},"end":{"line":1,"column":50}},"1":{"start":{"line":2,"column":0},"end":{"line":2,"column":0}},"2":{"start":{"line":3,"column":0},"end":{"line":3,"column":16}},"3":{"start":{"line":4,"column":0},"end":{"line":4,"column":10}},"4":{"start":{"line":5,"column":0},"end":{"line":5,"column":10}},"5":{"start":{"line":6,"column":0},"end":{"line":6,"column":31}},"6":{"start":{"line":7,"column":0},"end":{"line":7,"column":18}},"7":{"start":{"line":8,"column":0},"end":{"line":8,"column":11}},"8":{"start":{"line":9,"column":0},"end":{"line":9,"column":4}},"9":{"start":{"line":10,"column":0},"end":{"line":10,"column":1}},"10":{"start":{"line":11,"column":0},"end":{"line":11,"column":0}},"11":{"start":{"line":12,"column":0},"end":{"line":12,"column":19}}},"s":{"0":0,"1":0,"2":0,"3":0,"4":0,"5":0,"6":0,"7":0,"8":0,"9":0,"10":0,"11":0},"branchMap":{"0":{"type":"branch","line":1,"loc":{"start":{"line":1,"column":0},"end":{"line":12,"column":19}},"locations":[{"start":{"line":1,"column":0},"end":{"line":12,"column":19}}]}},"b":{"0":[0]},"fnMap":{"0":{"name":"(empty-report)","decl":{"start":{"line":1,"column":0},"end":{"line":12,"column":19}},"loc":{"start":{"line":1,"column":0},"end":{"line":12,"column":19}},"line":1}},"f":{"0":0}}
,"/Users/jonathan/Lightup/lud-ui-proposals/react-mobx/src/main.tsx": {"path":"/Users/jonathan/Lightup/lud-ui-proposals/react-mobx/src/main.tsx","all":true,"statementMap":{"0":{"start":{"line":1,"column":0},"end":{"line":1,"column":26}},"1":{"start":{"line":2,"column":0},"end":{"line":2,"column":40}},"2":{"start":{"line":3,"column":0},"end":{"line":3,"column":28}},"3":{"start":{"line":4,"column":0},"end":{"line":4,"column":52}},"4":{"start":{"line":5,"column":0},"end":{"line":5,"column":60}},"5":{"start":{"line":6,"column":0},"end":{"line":6,"column":21}},"6":{"start":{"line":7,"column":0},"end":{"line":7,"column":0}},"7":{"start":{"line":8,"column":0},"end":{"line":8,"column":45}},"8":{"start":{"line":9,"column":0},"end":{"line":9,"column":32}},"9":{"start":{"line":10,"column":0},"end":{"line":10,"column":1}},"10":{"start":{"line":11,"column":0},"end":{"line":11,"column":0}},"11":{"start":{"line":12,"column":0},"end":{"line":12,"column":61}},"12":{"start":{"line":13,"column":0},"end":{"line":13,"column":20}},"13":{"start":{"line":14,"column":0},"end":{"line":14,"column":11}},"14":{"start":{"line":15,"column":0},"end":{"line":15,"column":22}},"15":{"start":{"line":16,"column":0},"end":{"line":16,"column":2}}},"s":{"0":0,"1":0,"2":0,"3":0,"4":0,"5":0,"6":0,"7":0,"8":0,"9":0,"10":0,"11":0,"12":0,"13":0,"14":0,"15":0},"branchMap":{"0":{"type":"branch","line":1,"loc":{"start":{"line":1,"column":0},"end":{"line":16,"column":2}},"locations":[{"start":{"line":1,"column":0},"end":{"line":16,"column":2}}]}},"b":{"0":[0]},"fnMap":{"0":{"name":"(empty-report)","decl":{"start":{"line":1,"column":0},"end":{"line":16,"column":2}},"loc":{"start":{"line":1,"column":0},"end":{"line":16,"column":2}},"line":1}},"f":{"0":0}}
,"/Users/jonathan/Lightup/lud-ui-proposals/react-mobx/src/bussiness/task-list-store.ts": {"path":"/Users/jonathan/Lightup/lud-ui-proposals/react-mobx/src/bussiness/task-list-store.ts","all":false,"statementMap":{"0":{"start":{"line":1,"column":0},"end":{"line":1,"column":42}},"1":{"start":{"line":2,"column":0},"end":{"line":2,"column":36}},"2":{"start":{"line":3,"column":0},"end":{"line":3,"column":46}},"3":{"start":{"line":4,"column":0},"end":{"line":4,"column":0}},"4":{"start":{"line":5,"column":0},"end":{"line":5,"column":21}},"5":{"start":{"line":6,"column":0},"end":{"line":6,"column":28}},"6":{"start":{"line":7,"column":0},"end":{"line":7,"column":0}},"7":{"start":{"line":8,"column":0},"end":{"line":8,"column":17}},"8":{"start":{"line":9,"column":0},"end":{"line":9,"column":29}},"9":{"start":{"line":10,"column":0},"end":{"line":10,"column":43}},"10":{"start":{"line":11,"column":0},"end":{"line":11,"column":49}},"11":{"start":{"line":12,"column":0},"end":{"line":12,"column":57}},"12":{"start":{"line":13,"column":0},"end":{"line":13,"column":49}},"13":{"start":{"line":14,"column":0},"end":{"line":14,"column":3}},"14":{"start":{"line":15,"column":0},"end":{"line":15,"column":0}},"15":{"start":{"line":16,"column":0},"end":{"line":16,"column":32}},"16":{"start":{"line":17,"column":0},"end":{"line":17,"column":71}},"17":{"start":{"line":18,"column":0},"end":{"line":18,"column":3}},"18":{"start":{"line":19,"column":0},"end":{"line":19,"column":0}},"19":{"start":{"line":20,"column":0},"end":{"line":20,"column":28}},"20":{"start":{"line":21,"column":0},"end":{"line":21,"column":69}},"21":{"start":{"line":22,"column":0},"end":{"line":22,"column":3}},"22":{"start":{"line":23,"column":0},"end":{"line":23,"column":0}},"23":{"start":{"line":24,"column":0},"end":{"line":24,"column":32}},"24":{"start":{"line":25,"column":0},"end":{"line":25,"column":46}},"25":{"start":{"line":26,"column":0},"end":{"line":26,"column":67}},"26":{"start":{"line":27,"column":0},"end":{"line":27,"column":6}},"27":{"start":{"line":28,"column":0},"end":{"line":28,"column":3}},"28":{"start":{"line":29,"column":0},"end":{"line":29,"column":0}},"29":{"start":{"line":30,"column":0},"end":{"line":30,"column":49}},"30":{"start":{"line":31,"column":0},"end":{"line":31,"column":45}},"31":{"start":{"line":32,"column":0},"end":{"line":32,"column":58}},"32":{"start":{"line":33,"column":0},"end":{"line":33,"column":6}},"33":{"start":{"line":34,"column":0},"end":{"line":34,"column":3}},"34":{"start":{"line":35,"column":0},"end":{"line":35,"column":0}},"35":{"start":{"line":36,"column":0},"end":{"line":36,"column":26}},"36":{"start":{"line":37,"column":0},"end":{"line":37,"column":39}},"37":{"start":{"line":38,"column":0},"end":{"line":38,"column":71}},"38":{"start":{"line":39,"column":0},"end":{"line":39,"column":40}},"39":{"start":{"line":40,"column":0},"end":{"line":40,"column":43}},"40":{"start":{"line":41,"column":0},"end":{"line":41,"column":3}},"41":{"start":{"line":42,"column":0},"end":{"line":42,"column":1}},"42":{"start":{"line":43,"column":0},"end":{"line":43,"column":0}},"43":{"start":{"line":44,"column":0},"end":{"line":44,"column":49}}},"s":{"0":1,"1":1,"2":1,"3":1,"4":1,"5":1,"6":1,"7":1,"8":1,"9":1,"10":1,"11":1,"12":1,"13":1,"14":1,"15":1,"16":2,"17":2,"18":1,"19":1,"20":2,"21":2,"22":1,"23":1,"24":0,"25":0,"26":0,"27":0,"28":1,"29":1,"30":1,"31":2,"32":1,"33":1,"34":1,"35":1,"36":9,"37":9,"38":9,"39":9,"40":9,"41":1,"42":1,"43":1},"branchMap":{"0":{"type":"branch","line":5,"loc":{"start":{"line":5,"column":0},"end":{"line":42,"column":1}},"locations":[{"start":{"line":5,"column":0},"end":{"line":42,"column":1}}]},"1":{"type":"branch","line":8,"loc":{"start":{"line":8,"column":2},"end":{"line":14,"column":3}},"locations":[{"start":{"line":8,"column":2},"end":{"line":14,"column":3}}]},"2":{"type":"branch","line":16,"loc":{"start":{"line":16,"column":2},"end":{"line":18,"column":3}},"locations":[{"start":{"line":16,"column":2},"end":{"line":18,"column":3}}]},"3":{"type":"branch","line":20,"loc":{"start":{"line":20,"column":2},"end":{"line":22,"column":3}},"locations":[{"start":{"line":20,"column":2},"end":{"line":22,"column":3}}]},"4":{"type":"branch","line":21,"loc":{"start":{"line":21,"column":41},"end":{"line":21,"column":67}},"locations":[{"start":{"line":21,"column":41},"end":{"line":21,"column":67}}]},"5":{"type":"branch","line":30,"loc":{"start":{"line":30,"column":2},"end":{"line":34,"column":3}},"locations":[{"start":{"line":30,"column":2},"end":{"line":34,"column":3}}]},"6":{"type":"branch","line":31,"loc":{"start":{"line":31,"column":38},"end":{"line":32,"column":58}},"locations":[{"start":{"line":31,"column":38},"end":{"line":32,"column":58}}]},"7":{"type":"branch","line":32,"loc":{"start":{"line":32,"column":20},"end":{"line":32,"column":54}},"locations":[{"start":{"line":32,"column":20},"end":{"line":32,"column":54}}]},"8":{"type":"branch","line":32,"loc":{"start":{"line":32,"column":50},"end":{"line":32,"column":58}},"locations":[{"start":{"line":32,"column":50},"end":{"line":32,"column":58}}]},"9":{"type":"branch","line":36,"loc":{"start":{"line":36,"column":2},"end":{"line":41,"column":3}},"locations":[{"start":{"line":36,"column":2},"end":{"line":41,"column":3}}]},"10":{"type":"branch","line":38,"loc":{"start":{"line":38,"column":43},"end":{"line":38,"column":62}},"locations":[{"start":{"line":38,"column":43},"end":{"line":38,"column":62}}]}},"b":{"0":[1],"1":[1],"2":[2],"3":[2],"4":[3],"5":[1],"6":[2],"7":[1],"8":[1],"9":[9],"10":[18]},"fnMap":{"0":{"name":"<instance_members_initializer>","decl":{"start":{"line":5,"column":0},"end":{"line":42,"column":1}},"loc":{"start":{"line":5,"column":0},"end":{"line":42,"column":1}},"line":5},"1":{"name":"TaskListStore","decl":{"start":{"line":8,"column":2},"end":{"line":14,"column":3}},"loc":{"start":{"line":8,"column":2},"end":{"line":14,"column":3}},"line":8},"2":{"name":"addTask","decl":{"start":{"line":16,"column":2},"end":{"line":18,"column":3}},"loc":{"start":{"line":16,"column":2},"end":{"line":18,"column":3}},"line":16},"3":{"name":"removeTask","decl":{"start":{"line":20,"column":2},"end":{"line":22,"column":3}},"loc":{"start":{"line":20,"column":2},"end":{"line":22,"column":3}},"line":20},"4":{"name":"toggleTaskDone","decl":{"start":{"line":24,"column":2},"end":{"line":28,"column":3}},"loc":{"start":{"line":24,"column":2},"end":{"line":28,"column":3}},"line":24},"5":{"name":"updateTask","decl":{"start":{"line":30,"column":2},"end":{"line":34,"column":3}},"loc":{"start":{"line":30,"column":2},"end":{"line":34,"column":3}},"line":30},"6":{"name":"get stats","decl":{"start":{"line":36,"column":2},"end":{"line":41,"column":3}},"loc":{"start":{"line":36,"column":2},"end":{"line":41,"column":3}},"line":36}},"f":{"0":1,"1":1,"2":2,"3":2,"4":0,"5":1,"6":9}}
,"/Users/jonathan/Lightup/lud-ui-proposals/react-mobx/src/bussiness/types.ts": {"path":"/Users/jonathan/Lightup/lud-ui-proposals/react-mobx/src/bussiness/types.ts","all":true,"statementMap":{"0":{"start":{"line":1,"column":0},"end":{"line":1,"column":27}},"1":{"start":{"line":2,"column":0},"end":{"line":2,"column":15}},"2":{"start":{"line":3,"column":0},"end":{"line":3,"column":22}},"3":{"start":{"line":4,"column":0},"end":{"line":4,"column":18}},"4":{"start":{"line":5,"column":0},"end":{"line":5,"column":1}},"5":{"start":{"line":6,"column":0},"end":{"line":6,"column":0}},"6":{"start":{"line":7,"column":0},"end":{"line":7,"column":28}},"7":{"start":{"line":8,"column":0},"end":{"line":8,"column":16}},"8":{"start":{"line":9,"column":0},"end":{"line":9,"column":20}},"9":{"start":{"line":10,"column":0},"end":{"line":10,"column":20}},"10":{"start":{"line":11,"column":0},"end":{"line":11,"column":1}}},"s":{"0":0,"1":0,"2":0,"3":0,"4":0,"5":0,"6":0,"7":0,"8":0,"9":0,"10":0},"branchMap":{"0":{"type":"branch","line":1,"loc":{"start":{"line":1,"column":0},"end":{"line":11,"column":1}},"locations":[{"start":{"line":1,"column":0},"end":{"line":11,"column":1}}]}},"b":{"0":[0]},"fnMap":{"0":{"name":"(empty-report)","decl":{"start":{"line":1,"column":0},"end":{"line":11,"column":1}},"loc":{"start":{"line":1,"column":0},"end":{"line":11,"column":1}},"line":1}},"f":{"0":0}}
,"/Users/jonathan/Lightup/lud-ui-proposals/react-mobx/src/components/field-edit.tsx": {"path":"/Users/jonathan/Lightup/lud-ui-proposals/react-mobx/src/components/field-edit.tsx","all":false,"statementMap":{"0":{"start":{"line":1,"column":0},"end":{"line":1,"column":53}},"1":{"start":{"line":2,"column":0},"end":{"line":2,"column":47}},"2":{"start":{"line":3,"column":0},"end":{"line":3,"column":0}},"3":{"start":{"line":4,"column":0},"end":{"line":4,"column":26}},"4":{"start":{"line":5,"column":0},"end":{"line":5,"column":16}},"5":{"start":{"line":6,"column":0},"end":{"line":6,"column":37}},"6":{"start":{"line":7,"column":0},"end":{"line":7,"column":23}},"7":{"start":{"line":8,"column":0},"end":{"line":8,"column":1}},"8":{"start":{"line":9,"column":0},"end":{"line":9,"column":0}},"9":{"start":{"line":10,"column":0},"end":{"line":10,"column":73}},"10":{"start":{"line":11,"column":0},"end":{"line":11,"column":50}},"11":{"start":{"line":12,"column":0},"end":{"line":12,"column":0}},"12":{"start":{"line":13,"column":0},"end":{"line":13,"column":69}},"13":{"start":{"line":14,"column":0},"end":{"line":14,"column":31}},"14":{"start":{"line":15,"column":0},"end":{"line":15,"column":23}},"15":{"start":{"line":16,"column":0},"end":{"line":16,"column":5}},"16":{"start":{"line":17,"column":0},"end":{"line":17,"column":32}},"17":{"start":{"line":18,"column":0},"end":{"line":18,"column":17}},"18":{"start":{"line":19,"column":0},"end":{"line":19,"column":5}},"19":{"start":{"line":20,"column":0},"end":{"line":20,"column":4}},"20":{"start":{"line":21,"column":0},"end":{"line":21,"column":0}},"21":{"start":{"line":22,"column":0},"end":{"line":22,"column":10}},"22":{"start":{"line":23,"column":0},"end":{"line":23,"column":6}},"23":{"start":{"line":24,"column":0},"end":{"line":24,"column":12}},"24":{"start":{"line":25,"column":0},"end":{"line":25,"column":24}},"25":{"start":{"line":26,"column":0},"end":{"line":26,"column":53}},"26":{"start":{"line":27,"column":0},"end":{"line":27,"column":33}},"27":{"start":{"line":28,"column":0},"end":{"line":28,"column":24}},"28":{"start":{"line":29,"column":0},"end":{"line":29,"column":8}},"29":{"start":{"line":30,"column":0},"end":{"line":30,"column":13}},"30":{"start":{"line":31,"column":0},"end":{"line":31,"column":40}},"31":{"start":{"line":32,"column":0},"end":{"line":32,"column":27}},"32":{"start":{"line":33,"column":0},"end":{"line":33,"column":25}},"33":{"start":{"line":34,"column":0},"end":{"line":34,"column":7}},"34":{"start":{"line":35,"column":0},"end":{"line":35,"column":21}},"35":{"start":{"line":36,"column":0},"end":{"line":36,"column":15}},"36":{"start":{"line":37,"column":0},"end":{"line":37,"column":13}},"37":{"start":{"line":38,"column":0},"end":{"line":38,"column":34}},"38":{"start":{"line":39,"column":0},"end":{"line":39,"column":25}},"39":{"start":{"line":40,"column":0},"end":{"line":40,"column":27}},"40":{"start":{"line":41,"column":0},"end":{"line":41,"column":7}},"41":{"start":{"line":42,"column":0},"end":{"line":42,"column":21}},"42":{"start":{"line":43,"column":0},"end":{"line":43,"column":15}},"43":{"start":{"line":44,"column":0},"end":{"line":44,"column":7}},"44":{"start":{"line":45,"column":0},"end":{"line":45,"column":4}},"45":{"start":{"line":46,"column":0},"end":{"line":46,"column":2}}},"s":{"0":1,"1":1,"2":1,"3":1,"4":1,"5":1,"6":1,"7":1,"8":1,"9":1,"10":23,"11":23,"12":23,"13":22,"14":2,"15":2,"16":22,"17":1,"18":1,"19":22,"20":23,"21":23,"22":23,"23":23,"24":23,"25":23,"26":23,"27":23,"28":23,"29":23,"30":23,"31":23,"32":23,"33":23,"34":23,"35":23,"36":23,"37":23,"38":23,"39":23,"40":23,"41":23,"42":23,"43":23,"44":23,"45":23},"branchMap":{"0":{"type":"branch","line":10,"loc":{"start":{"line":10,"column":25},"end":{"line":46,"column":2}},"locations":[{"start":{"line":10,"column":25},"end":{"line":46,"column":2}}]},"1":{"type":"branch","line":13,"loc":{"start":{"line":13,"column":24},"end":{"line":20,"column":4}},"locations":[{"start":{"line":13,"column":24},"end":{"line":20,"column":4}}]},"2":{"type":"branch","line":14,"loc":{"start":{"line":14,"column":30},"end":{"line":16,"column":5}},"locations":[{"start":{"line":14,"column":30},"end":{"line":16,"column":5}}]},"3":{"type":"branch","line":17,"loc":{"start":{"line":17,"column":31},"end":{"line":19,"column":5}},"locations":[{"start":{"line":17,"column":31},"end":{"line":19,"column":5}}]},"4":{"type":"branch","line":26,"loc":{"start":{"line":26,"column":18},"end":{"line":26,"column":53}},"locations":[{"start":{"line":26,"column":18},"end":{"line":26,"column":53}}]},"5":{"type":"branch","line":31,"loc":{"start":{"line":31,"column":17},"end":{"line":31,"column":40}},"locations":[{"start":{"line":31,"column":17},"end":{"line":31,"column":40}}]},"6":{"type":"branch","line":38,"loc":{"start":{"line":38,"column":17},"end":{"line":38,"column":34}},"locations":[{"start":{"line":38,"column":17},"end":{"line":38,"column":34}}]}},"b":{"0":[23],"1":[22],"2":[2],"3":[1],"4":[19],"5":[1],"6":[1]},"fnMap":{"0":{"name":"FieldEdit","decl":{"start":{"line":10,"column":25},"end":{"line":46,"column":2}},"loc":{"start":{"line":10,"column":25},"end":{"line":46,"column":2}},"line":10},"1":{"name":"handleKeyDown","decl":{"start":{"line":13,"column":24},"end":{"line":20,"column":4}},"loc":{"start":{"line":13,"column":24},"end":{"line":20,"column":4}},"line":13},"2":{"name":"onChange","decl":{"start":{"line":26,"column":18},"end":{"line":26,"column":53}},"loc":{"start":{"line":26,"column":18},"end":{"line":26,"column":53}},"line":26},"3":{"name":"onClick","decl":{"start":{"line":31,"column":17},"end":{"line":31,"column":40}},"loc":{"start":{"line":31,"column":17},"end":{"line":31,"column":40}},"line":31},"4":{"name":"onClick","decl":{"start":{"line":38,"column":17},"end":{"line":38,"column":34}},"loc":{"start":{"line":38,"column":17},"end":{"line":38,"column":34}},"line":38}},"f":{"0":23,"1":22,"2":19,"3":1,"4":1}}
,"/Users/jonathan/Lightup/lud-ui-proposals/react-mobx/src/components/icons.tsx": {"path":"/Users/jonathan/Lightup/lud-ui-proposals/react-mobx/src/components/icons.tsx","all":false,"statementMap":{"0":{"start":{"line":1,"column":0},"end":{"line":1,"column":33}},"1":{"start":{"line":2,"column":0},"end":{"line":2,"column":0}},"2":{"start":{"line":3,"column":0},"end":{"line":3,"column":47}},"3":{"start":{"line":4,"column":0},"end":{"line":4,"column":12}},"4":{"start":{"line":5,"column":0},"end":{"line":5,"column":13}},"5":{"start":{"line":6,"column":0},"end":{"line":6,"column":23}},"6":{"start":{"line":7,"column":0},"end":{"line":7,"column":15}},"7":{"start":{"line":8,"column":0},"end":{"line":8,"column":25}},"8":{"start":{"line":9,"column":0},"end":{"line":9,"column":19}},"9":{"start":{"line":10,"column":0},"end":{"line":10,"column":25}},"10":{"start":{"line":11,"column":0},"end":{"line":11,"column":26}},"11":{"start":{"line":12,"column":0},"end":{"line":12,"column":2}},"12":{"start":{"line":13,"column":0},"end":{"line":13,"column":0}},"13":{"start":{"line":14,"column":0},"end":{"line":14,"column":68}},"14":{"start":{"line":15,"column":0},"end":{"line":15,"column":10}},"15":{"start":{"line":16,"column":0},"end":{"line":16,"column":8}},"16":{"start":{"line":17,"column":0},"end":{"line":17,"column":23}},"17":{"start":{"line":18,"column":0},"end":{"line":18,"column":22}},"18":{"start":{"line":19,"column":0},"end":{"line":19,"column":5}},"19":{"start":{"line":20,"column":0},"end":{"line":20,"column":25}},"20":{"start":{"line":21,"column":0},"end":{"line":21,"column":55}},"21":{"start":{"line":22,"column":0},"end":{"line":22,"column":52}},"22":{"start":{"line":23,"column":0},"end":{"line":23,"column":45}},"23":{"start":{"line":24,"column":0},"end":{"line":24,"column":45}},"24":{"start":{"line":25,"column":0},"end":{"line":25,"column":10}},"25":{"start":{"line":26,"column":0},"end":{"line":26,"column":4}},"26":{"start":{"line":27,"column":0},"end":{"line":27,"column":2}},"27":{"start":{"line":28,"column":0},"end":{"line":28,"column":0}},"28":{"start":{"line":29,"column":0},"end":{"line":29,"column":68}},"29":{"start":{"line":30,"column":0},"end":{"line":30,"column":10}},"30":{"start":{"line":31,"column":0},"end":{"line":31,"column":8}},"31":{"start":{"line":32,"column":0},"end":{"line":32,"column":23}},"32":{"start":{"line":33,"column":0},"end":{"line":33,"column":22}},"33":{"start":{"line":34,"column":0},"end":{"line":34,"column":5}},"34":{"start":{"line":35,"column":0},"end":{"line":35,"column":28}},"35":{"start":{"line":36,"column":0},"end":{"line":36,"column":28}},"36":{"start":{"line":37,"column":0},"end":{"line":37,"column":10}},"37":{"start":{"line":38,"column":0},"end":{"line":38,"column":4}},"38":{"start":{"line":39,"column":0},"end":{"line":39,"column":2}},"39":{"start":{"line":40,"column":0},"end":{"line":40,"column":0}},"40":{"start":{"line":41,"column":0},"end":{"line":41,"column":67}},"41":{"start":{"line":42,"column":0},"end":{"line":42,"column":10}},"42":{"start":{"line":43,"column":0},"end":{"line":43,"column":8}},"43":{"start":{"line":44,"column":0},"end":{"line":44,"column":23}},"44":{"start":{"line":45,"column":0},"end":{"line":45,"column":22}},"45":{"start":{"line":46,"column":0},"end":{"line":46,"column":5}},"46":{"start":{"line":47,"column":0},"end":{"line":47,"column":66}},"47":{"start":{"line":48,"column":0},"end":{"line":48,"column":27}},"48":{"start":{"line":49,"column":0},"end":{"line":49,"column":10}},"49":{"start":{"line":50,"column":0},"end":{"line":50,"column":4}},"50":{"start":{"line":51,"column":0},"end":{"line":51,"column":2}},"51":{"start":{"line":52,"column":0},"end":{"line":52,"column":0}},"52":{"start":{"line":53,"column":0},"end":{"line":53,"column":68}},"53":{"start":{"line":54,"column":0},"end":{"line":54,"column":10}},"54":{"start":{"line":55,"column":0},"end":{"line":55,"column":8}},"55":{"start":{"line":56,"column":0},"end":{"line":56,"column":23}},"56":{"start":{"line":57,"column":0},"end":{"line":57,"column":22}},"57":{"start":{"line":58,"column":0},"end":{"line":58,"column":5}},"58":{"start":{"line":59,"column":0},"end":{"line":59,"column":33}},"59":{"start":{"line":60,"column":0},"end":{"line":60,"column":10}},"60":{"start":{"line":61,"column":0},"end":{"line":61,"column":4}},"61":{"start":{"line":62,"column":0},"end":{"line":62,"column":2}}},"s":{"0":1,"1":1,"2":1,"3":1,"4":1,"5":1,"6":1,"7":1,"8":1,"9":1,"10":1,"11":1,"12":1,"13":1,"14":12,"15":12,"16":12,"17":12,"18":12,"19":12,"20":12,"21":12,"22":12,"23":12,"24":12,"25":12,"26":12,"27":1,"28":1,"29":23,"30":23,"31":23,"32":23,"33":23,"34":23,"35":23,"36":23,"37":23,"38":23,"39":1,"40":1,"41":11,"42":11,"43":11,"44":11,"45":11,"46":11,"47":11,"48":11,"49":11,"50":11,"51":1,"52":1,"53":23,"54":23,"55":23,"56":23,"57":23,"58":23,"59":23,"60":23,"61":23},"branchMap":{"0":{"type":"branch","line":14,"loc":{"start":{"line":14,"column":25},"end":{"line":27,"column":2}},"locations":[{"start":{"line":14,"column":25},"end":{"line":27,"column":2}}]},"1":{"type":"branch","line":29,"loc":{"start":{"line":29,"column":25},"end":{"line":39,"column":2}},"locations":[{"start":{"line":29,"column":25},"end":{"line":39,"column":2}}]},"2":{"type":"branch","line":41,"loc":{"start":{"line":41,"column":24},"end":{"line":51,"column":2}},"locations":[{"start":{"line":41,"column":24},"end":{"line":51,"column":2}}]},"3":{"type":"branch","line":53,"loc":{"start":{"line":53,"column":25},"end":{"line":62,"column":2}},"locations":[{"start":{"line":53,"column":25},"end":{"line":62,"column":2}}]}},"b":{"0":[12],"1":[23],"2":[11],"3":[23]},"fnMap":{"0":{"name":"TrashIcon","decl":{"start":{"line":14,"column":25},"end":{"line":27,"column":2}},"loc":{"start":{"line":14,"column":25},"end":{"line":27,"column":2}},"line":14},"1":{"name":"CloseIcon","decl":{"start":{"line":29,"column":25},"end":{"line":39,"column":2}},"loc":{"start":{"line":29,"column":25},"end":{"line":39,"column":2}},"line":29},"2":{"name":"EditIcon","decl":{"start":{"line":41,"column":24},"end":{"line":51,"column":2}},"loc":{"start":{"line":41,"column":24},"end":{"line":51,"column":2}},"line":41},"3":{"name":"CheckIcon","decl":{"start":{"line":53,"column":25},"end":{"line":62,"column":2}},"loc":{"start":{"line":53,"column":25},"end":{"line":62,"column":2}},"line":53}},"f":{"0":12,"1":23,"2":11,"3":23}}
,"/Users/jonathan/Lightup/lud-ui-proposals/react-mobx/src/components/stats.tsx": {"path":"/Users/jonathan/Lightup/lud-ui-proposals/react-mobx/src/components/stats.tsx","all":false,"statementMap":{"0":{"start":{"line":1,"column":0},"end":{"line":1,"column":47}},"1":{"start":{"line":2,"column":0},"end":{"line":2,"column":0}},"2":{"start":{"line":3,"column":0},"end":{"line":3,"column":22}},"3":{"start":{"line":4,"column":0},"end":{"line":4,"column":19}},"4":{"start":{"line":5,"column":0},"end":{"line":5,"column":1}},"5":{"start":{"line":6,"column":0},"end":{"line":6,"column":0}},"6":{"start":{"line":7,"column":0},"end":{"line":7,"column":47}},"7":{"start":{"line":8,"column":0},"end":{"line":8,"column":10}},"8":{"start":{"line":9,"column":0},"end":{"line":9,"column":41}},"9":{"start":{"line":10,"column":0},"end":{"line":10,"column":29}},"10":{"start":{"line":11,"column":0},"end":{"line":11,"column":26}},"11":{"start":{"line":12,"column":0},"end":{"line":12,"column":35}},"12":{"start":{"line":13,"column":0},"end":{"line":13,"column":30}},"13":{"start":{"line":14,"column":0},"end":{"line":14,"column":35}},"14":{"start":{"line":15,"column":0},"end":{"line":15,"column":29}},"15":{"start":{"line":16,"column":0},"end":{"line":16,"column":10}},"16":{"start":{"line":17,"column":0},"end":{"line":17,"column":4}},"17":{"start":{"line":18,"column":0},"end":{"line":18,"column":2}}},"s":{"0":1,"1":1,"2":1,"3":1,"4":1,"5":1,"6":1,"7":44,"8":44,"9":44,"10":44,"11":44,"12":44,"13":44,"14":44,"15":44,"16":44,"17":44},"branchMap":{"0":{"type":"branch","line":7,"loc":{"start":{"line":7,"column":21},"end":{"line":18,"column":2}},"locations":[{"start":{"line":7,"column":21},"end":{"line":18,"column":2}}]}},"b":{"0":[44]},"fnMap":{"0":{"name":"Stats","decl":{"start":{"line":7,"column":21},"end":{"line":18,"column":2}},"loc":{"start":{"line":7,"column":21},"end":{"line":18,"column":2}},"line":7}},"f":{"0":44}}
,"/Users/jonathan/Lightup/lud-ui-proposals/react-mobx/src/components/task-list.tsx": {"path":"/Users/jonathan/Lightup/lud-ui-proposals/react-mobx/src/components/task-list.tsx","all":false,"statementMap":{"0":{"start":{"line":1,"column":0},"end":{"line":1,"column":49}},"1":{"start":{"line":2,"column":0},"end":{"line":2,"column":30}},"2":{"start":{"line":3,"column":0},"end":{"line":3,"column":32}},"3":{"start":{"line":4,"column":0},"end":{"line":4,"column":43}},"4":{"start":{"line":5,"column":0},"end":{"line":5,"column":61}},"5":{"start":{"line":6,"column":0},"end":{"line":6,"column":0}},"6":{"start":{"line":7,"column":0},"end":{"line":7,"column":25}},"7":{"start":{"line":8,"column":0},"end":{"line":8,"column":53}},"8":{"start":{"line":9,"column":0},"end":{"line":9,"column":63}},"9":{"start":{"line":10,"column":0},"end":{"line":10,"column":0}},"10":{"start":{"line":11,"column":0},"end":{"line":11,"column":59}},"11":{"start":{"line":12,"column":0},"end":{"line":12,"column":27}},"12":{"start":{"line":13,"column":0},"end":{"line":13,"column":33}},"13":{"start":{"line":14,"column":0},"end":{"line":14,"column":13}},"14":{"start":{"line":15,"column":0},"end":{"line":15,"column":5}},"15":{"start":{"line":16,"column":0},"end":{"line":16,"column":29}},"16":{"start":{"line":17,"column":0},"end":{"line":17,"column":27}},"17":{"start":{"line":18,"column":0},"end":{"line":18,"column":4}},"18":{"start":{"line":19,"column":0},"end":{"line":19,"column":0}},"19":{"start":{"line":20,"column":0},"end":{"line":20,"column":10}},"20":{"start":{"line":21,"column":0},"end":{"line":21,"column":35}},"21":{"start":{"line":22,"column":0},"end":{"line":22,"column":32}},"22":{"start":{"line":23,"column":0},"end":{"line":23,"column":14}},"23":{"start":{"line":24,"column":0},"end":{"line":24,"column":33}},"24":{"start":{"line":25,"column":0},"end":{"line":25,"column":40}},"25":{"start":{"line":26,"column":0},"end":{"line":26,"column":70}},"26":{"start":{"line":27,"column":0},"end":{"line":27,"column":10}},"27":{"start":{"line":28,"column":0},"end":{"line":28,"column":67}},"28":{"start":{"line":29,"column":0},"end":{"line":29,"column":13}},"29":{"start":{"line":30,"column":0},"end":{"line":30,"column":29}},"30":{"start":{"line":31,"column":0},"end":{"line":31,"column":10}},"31":{"start":{"line":32,"column":0},"end":{"line":32,"column":33}},"32":{"start":{"line":33,"column":0},"end":{"line":33,"column":46}},"33":{"start":{"line":34,"column":0},"end":{"line":34,"column":11}},"34":{"start":{"line":35,"column":0},"end":{"line":35,"column":11}},"35":{"start":{"line":36,"column":0},"end":{"line":36,"column":14}},"36":{"start":{"line":37,"column":0},"end":{"line":37,"column":4}},"37":{"start":{"line":38,"column":0},"end":{"line":38,"column":2}},"38":{"start":{"line":39,"column":0},"end":{"line":39,"column":0}},"39":{"start":{"line":40,"column":0},"end":{"line":40,"column":44}}},"s":{"0":1,"1":1,"2":1,"3":1,"4":1,"5":1,"6":1,"7":43,"8":43,"9":43,"10":43,"11":2,"12":2,"13":0,"14":0,"15":2,"16":2,"17":2,"18":43,"19":43,"20":43,"21":43,"22":43,"23":43,"24":43,"25":43,"26":43,"27":43,"28":43,"29":43,"30":43,"31":43,"32":99,"33":43,"34":43,"35":43,"36":43,"37":43,"38":1,"39":1},"branchMap":{"0":{"type":"branch","line":7,"loc":{"start":{"line":7,"column":18},"end":{"line":38,"column":2}},"locations":[{"start":{"line":7,"column":18},"end":{"line":38,"column":2}}]},"1":{"type":"branch","line":11,"loc":{"start":{"line":11,"column":19},"end":{"line":18,"column":4}},"locations":[{"start":{"line":11,"column":19},"end":{"line":18,"column":4}}]},"2":{"type":"branch","line":13,"loc":{"start":{"line":13,"column":32},"end":{"line":15,"column":5}},"locations":[{"start":{"line":13,"column":32},"end":{"line":15,"column":5}}]},"3":{"type":"branch","line":26,"loc":{"start":{"line":26,"column":20},"end":{"line":26,"column":70}},"locations":[{"start":{"line":26,"column":20},"end":{"line":26,"column":70}}]},"4":{"type":"branch","line":32,"loc":{"start":{"line":32,"column":22},"end":{"line":33,"column":46}},"locations":[{"start":{"line":32,"column":22},"end":{"line":33,"column":46}}]}},"b":{"0":[43],"1":[2],"2":[0],"3":[34],"4":[99]},"fnMap":{"0":{"name":"_TaskList","decl":{"start":{"line":7,"column":18},"end":{"line":38,"column":2}},"loc":{"start":{"line":7,"column":18},"end":{"line":38,"column":2}},"line":7},"1":{"name":"onSubmit","decl":{"start":{"line":11,"column":19},"end":{"line":18,"column":4}},"loc":{"start":{"line":11,"column":19},"end":{"line":18,"column":4}},"line":11},"2":{"name":"onChange","decl":{"start":{"line":26,"column":20},"end":{"line":26,"column":70}},"loc":{"start":{"line":26,"column":20},"end":{"line":26,"column":70}},"line":26}},"f":{"0":43,"1":2,"2":34}}
,"/Users/jonathan/Lightup/lud-ui-proposals/react-mobx/src/components/task.tsx": {"path":"/Users/jonathan/Lightup/lud-ui-proposals/react-mobx/src/components/task.tsx","all":false,"statementMap":{"0":{"start":{"line":1,"column":0},"end":{"line":1,"column":33}},"1":{"start":{"line":2,"column":0},"end":{"line":2,"column":46}},"2":{"start":{"line":3,"column":0},"end":{"line":3,"column":41}},"3":{"start":{"line":4,"column":0},"end":{"line":4,"column":46}},"4":{"start":{"line":5,"column":0},"end":{"line":5,"column":43}},"5":{"start":{"line":6,"column":0},"end":{"line":6,"column":61}},"6":{"start":{"line":7,"column":0},"end":{"line":7,"column":0}},"7":{"start":{"line":8,"column":0},"end":{"line":8,"column":18}},"8":{"start":{"line":9,"column":0},"end":{"line":9,"column":17}},"9":{"start":{"line":10,"column":0},"end":{"line":10,"column":1}},"10":{"start":{"line":11,"column":0},"end":{"line":11,"column":0}},"11":{"start":{"line":12,"column":0},"end":{"line":12,"column":38}},"12":{"start":{"line":13,"column":0},"end":{"line":13,"column":67}},"13":{"start":{"line":14,"column":0},"end":{"line":14,"column":52}},"14":{"start":{"line":15,"column":0},"end":{"line":15,"column":0}},"15":{"start":{"line":16,"column":0},"end":{"line":16,"column":53}},"16":{"start":{"line":17,"column":0},"end":{"line":17,"column":39}},"17":{"start":{"line":18,"column":0},"end":{"line":18,"column":23}},"18":{"start":{"line":19,"column":0},"end":{"line":19,"column":4}},"19":{"start":{"line":20,"column":0},"end":{"line":20,"column":0}},"20":{"start":{"line":21,"column":0},"end":{"line":21,"column":10}},"21":{"start":{"line":22,"column":0},"end":{"line":22,"column":45}},"22":{"start":{"line":23,"column":0},"end":{"line":23,"column":19}},"23":{"start":{"line":24,"column":0},"end":{"line":24,"column":18}},"24":{"start":{"line":25,"column":0},"end":{"line":25,"column":34}},"25":{"start":{"line":26,"column":0},"end":{"line":26,"column":35}},"26":{"start":{"line":27,"column":0},"end":{"line":27,"column":45}},"27":{"start":{"line":28,"column":0},"end":{"line":28,"column":10}},"28":{"start":{"line":29,"column":0},"end":{"line":29,"column":10}},"29":{"start":{"line":30,"column":0},"end":{"line":30,"column":13}},"30":{"start":{"line":31,"column":0},"end":{"line":31,"column":51}},"31":{"start":{"line":32,"column":0},"end":{"line":32,"column":9}},"32":{"start":{"line":33,"column":0},"end":{"line":33,"column":28}},"33":{"start":{"line":34,"column":0},"end":{"line":34,"column":15}},"34":{"start":{"line":35,"column":0},"end":{"line":35,"column":8}},"35":{"start":{"line":36,"column":0},"end":{"line":36,"column":21}},"36":{"start":{"line":37,"column":0},"end":{"line":37,"column":15}},"37":{"start":{"line":38,"column":0},"end":{"line":38,"column":43}},"38":{"start":{"line":39,"column":0},"end":{"line":39,"column":29}},"39":{"start":{"line":40,"column":0},"end":{"line":40,"column":27}},"40":{"start":{"line":41,"column":0},"end":{"line":41,"column":9}},"41":{"start":{"line":42,"column":0},"end":{"line":42,"column":22}},"42":{"start":{"line":43,"column":0},"end":{"line":43,"column":17}},"43":{"start":{"line":44,"column":0},"end":{"line":44,"column":8}},"44":{"start":{"line":45,"column":0},"end":{"line":45,"column":13}},"45":{"start":{"line":46,"column":0},"end":{"line":46,"column":45}},"46":{"start":{"line":47,"column":0},"end":{"line":47,"column":25}},"47":{"start":{"line":48,"column":0},"end":{"line":48,"column":27}},"48":{"start":{"line":49,"column":0},"end":{"line":49,"column":7}},"49":{"start":{"line":50,"column":0},"end":{"line":50,"column":21}},"50":{"start":{"line":51,"column":0},"end":{"line":51,"column":15}},"51":{"start":{"line":52,"column":0},"end":{"line":52,"column":9}},"52":{"start":{"line":53,"column":0},"end":{"line":53,"column":4}},"53":{"start":{"line":54,"column":0},"end":{"line":54,"column":2}},"54":{"start":{"line":55,"column":0},"end":{"line":55,"column":0}},"55":{"start":{"line":56,"column":0},"end":{"line":56,"column":36}}},"s":{"0":1,"1":1,"2":1,"3":1,"4":1,"5":1,"6":1,"7":1,"8":1,"9":1,"10":1,"11":1,"12":12,"13":12,"14":12,"15":12,"16":1,"17":1,"18":1,"19":12,"20":12,"21":12,"22":12,"23":1,"24":1,"25":1,"26":1,"27":1,"28":11,"29":11,"30":11,"31":11,"32":11,"33":11,"34":12,"35":12,"36":11,"37":11,"38":11,"39":11,"40":11,"41":11,"42":11,"43":12,"44":12,"45":12,"46":12,"47":12,"48":12,"49":12,"50":12,"51":12,"52":12,"53":12,"54":1,"55":1},"branchMap":{"0":{"type":"branch","line":12,"loc":{"start":{"line":12,"column":14},"end":{"line":54,"column":2}},"locations":[{"start":{"line":12,"column":14},"end":{"line":54,"column":2}}]},"1":{"type":"branch","line":22,"loc":{"start":{"line":22,"column":24},"end":{"line":22,"column":41}},"locations":[{"start":{"line":22,"column":24},"end":{"line":22,"column":41}}]},"2":{"type":"branch","line":22,"loc":{"start":{"line":22,"column":33},"end":{"line":22,"column":45}},"locations":[{"start":{"line":22,"column":33},"end":{"line":22,"column":45}}]},"3":{"type":"branch","line":23,"loc":{"start":{"line":23,"column":7},"end":{"line":28,"column":10}},"locations":[{"start":{"line":23,"column":7},"end":{"line":28,"column":10}}]},"4":{"type":"branch","line":28,"loc":{"start":{"line":28,"column":8},"end":{"line":34,"column":15}},"locations":[{"start":{"line":28,"column":8},"end":{"line":34,"column":15}}]},"5":{"type":"branch","line":36,"loc":{"start":{"line":36,"column":8},"end":{"line":43,"column":17}},"locations":[{"start":{"line":36,"column":8},"end":{"line":43,"column":17}}]},"6":{"type":"branch","line":16,"loc":{"start":{"line":16,"column":27},"end":{"line":19,"column":4}},"locations":[{"start":{"line":16,"column":27},"end":{"line":19,"column":4}}]},"7":{"type":"branch","line":38,"loc":{"start":{"line":38,"column":19},"end":{"line":38,"column":43}},"locations":[{"start":{"line":38,"column":19},"end":{"line":38,"column":43}}]},"8":{"type":"branch","line":46,"loc":{"start":{"line":46,"column":17},"end":{"line":46,"column":45}},"locations":[{"start":{"line":46,"column":17},"end":{"line":46,"column":45}}]}},"b":{"0":[12],"1":[4],"2":[8],"3":[1],"4":[11],"5":[11],"6":[1],"7":[1],"8":[2]},"fnMap":{"0":{"name":"_Task","decl":{"start":{"line":12,"column":14},"end":{"line":54,"column":2}},"loc":{"start":{"line":12,"column":14},"end":{"line":54,"column":2}},"line":12},"1":{"name":"handleUpdateTask","decl":{"start":{"line":16,"column":27},"end":{"line":19,"column":4}},"loc":{"start":{"line":16,"column":27},"end":{"line":19,"column":4}},"line":16},"2":{"name":"onCancel","decl":{"start":{"line":27,"column":20},"end":{"line":27,"column":45}},"loc":{"start":{"line":27,"column":20},"end":{"line":27,"column":45}},"line":27},"3":{"name":"onClick","decl":{"start":{"line":31,"column":19},"end":{"line":31,"column":51}},"loc":{"start":{"line":31,"column":19},"end":{"line":31,"column":51}},"line":31},"4":{"name":"onClick","decl":{"start":{"line":38,"column":19},"end":{"line":38,"column":43}},"loc":{"start":{"line":38,"column":19},"end":{"line":38,"column":43}},"line":38},"5":{"name":"onClick","decl":{"start":{"line":46,"column":17},"end":{"line":46,"column":45}},"loc":{"start":{"line":46,"column":17},"end":{"line":46,"column":45}},"line":46}},"f":{"0":12,"1":1,"2":0,"3":0,"4":1,"5":2}}
}
